<?xml version="1.0" encoding="UTF-8"?>
<!-- Generated by org.testng.reporters.JUnitXMLReporter -->
<testsuite hostname="DESKTOP-ID9MJDP" name="Test" tests="3" failures="1" timestamp="4 Apr 2017 01:20:45 GMT" time="2.544" errors="0">
  <testcase name="testGetBasicAccountSettings" time="1.213" classname="com.wbl.JanAutomationFramework.APITest.TwitterRestAssuredTest"/>
  <testcase name="testPostAccountSettings" time="0.755" classname="com.wbl.JanAutomationFramework.APITest.TwitterRestAssuredTest"/>
  <testcase name="testPayloadAccountSettings" time="0.018" classname="com.wbl.JanAutomationFramework.APITest.TwitterRestAssuredTest">
    <failure type="java.lang.AssertionError" message="expected [false] but found [true]">
      <![CDATA[java.lang.AssertionError: expected [false] but found [true]
	at com.wbl.JanAutomationFramework.APITest.TwitterRestAssuredTest.testPayloadAccountSettings(TwitterRestAssuredTest.java:30)
... Removed 28 stack frames]]>
    </failure>
  </testcase> <!-- testPayloadAccountSettings -->
</testsuite> <!-- Test -->
