<?xml version="1.0" encoding="UTF-8"?>
<testng-results skipped="0" failed="1" total="4" passed="3">
  <reporter-output>
  </reporter-output>
  <suite name="Default suite" duration-ms="3746" started-at="2017-04-04T01:28:44Z" finished-at="2017-04-04T01:28:48Z">
    <groups>
    </groups>
    <test name="Default test" duration-ms="3746" started-at="2017-04-04T01:28:44Z" finished-at="2017-04-04T01:28:48Z">
      <class name="com.wbl.JanAutomationFramework.APITest.TwitterRestAssuredTest">
        <test-method status="PASS" signature="beforeTest()[pri:0, instance:com.wbl.JanAutomationFramework.APITest.TwitterRestAssuredTest@6ba0ac]" name="beforeTest" is-config="true" duration-ms="552" started-at="2017-04-03T17:28:44Z" finished-at="2017-04-03T17:28:45Z">
          <reporter-output>
          </reporter-output>
        </test-method> <!-- beforeTest -->
        <test-method status="PASS" signature="testGetBasicAccountSettings()[pri:0, instance:com.wbl.JanAutomationFramework.APITest.TwitterRestAssuredTest@6ba0ac]" name="testGetBasicAccountSettings" duration-ms="1195" started-at="2017-04-03T17:28:45Z" finished-at="2017-04-03T17:28:46Z">
          <reporter-output>
          </reporter-output>
        </test-method> <!-- testGetBasicAccountSettings -->
        <test-method status="PASS" signature="testPostAccountSettings(java.lang.String, java.lang.String, java.lang.String)[pri:1, instance:com.wbl.JanAutomationFramework.APITest.TwitterRestAssuredTest@6ba0ac]" name="testPostAccountSettings" duration-ms="653" started-at="2017-04-03T17:28:47Z" data-provider="post" finished-at="2017-04-03T17:28:48Z">
          <params>
            <param index="0">
              <value>
                <![CDATA[en]]>
              </value>
            </param>
            <param index="1">
              <value>
                <![CDATA[TRUE]]>
              </value>
            </param>
            <param index="2">
              <value>
                <![CDATA[Medha_7886]]>
              </value>
            </param>
          </params>
          <reporter-output>
          </reporter-output>
        </test-method> <!-- testPostAccountSettings -->
        <test-method status="FAIL" signature="testPostAccountSettings(java.lang.String, java.lang.String, java.lang.String)[pri:1, instance:com.wbl.JanAutomationFramework.APITest.TwitterRestAssuredTest@6ba0ac]" name="testPostAccountSettings" duration-ms="242" started-at="2017-04-03T17:28:48Z" data-provider="post" finished-at="2017-04-03T17:28:48Z">
          <params>
            <param index="0">
              <value>
                <![CDATA[fr]]>
              </value>
            </param>
            <param index="1">
              <value>
                <![CDATA[FALSE]]>
              </value>
            </param>
            <param index="2">
              <value>
                <![CDATA[Medha_7886]]>
              </value>
            </param>
          </params>
          <exception class="java.lang.AssertionError">
            <message>
              <![CDATA[expected [fr] but found [en]]]>
            </message>
            <full-stacktrace>
              <![CDATA[java.lang.AssertionError: expected [fr] but found [en]
	at org.testng.Assert.fail(Assert.java:94)
	at org.testng.Assert.failNotEquals(Assert.java:496)
	at org.testng.Assert.assertEquals(Assert.java:125)
	at org.testng.Assert.assertEquals(Assert.java:167)
	at com.wbl.JanAutomationFramework.APITest.TwitterRestAssuredTest.testPostAccountSettings(TwitterRestAssuredTest.java:50)
	at sun.reflect.NativeMethodAccessorImpl.invoke0(Native Method)
	at sun.reflect.NativeMethodAccessorImpl.invoke(NativeMethodAccessorImpl.java:62)
	at sun.reflect.DelegatingMethodAccessorImpl.invoke(DelegatingMethodAccessorImpl.java:43)
	at java.lang.reflect.Method.invoke(Method.java:498)
	at org.testng.internal.MethodInvocationHelper.invokeMethod(MethodInvocationHelper.java:85)
	at org.testng.internal.Invoker.invokeMethod(Invoker.java:639)
	at org.testng.internal.Invoker.invokeTestMethod(Invoker.java:816)
	at org.testng.internal.Invoker.invokeTestMethods(Invoker.java:1124)
	at org.testng.internal.TestMethodWorker.invokeTestMethods(TestMethodWorker.java:125)
	at org.testng.internal.TestMethodWorker.run(TestMethodWorker.java:108)
	at org.testng.TestRunner.privateRun(TestRunner.java:774)
	at org.testng.TestRunner.run(TestRunner.java:624)
	at org.testng.SuiteRunner.runTest(SuiteRunner.java:359)
	at org.testng.SuiteRunner.runSequentially(SuiteRunner.java:354)
	at org.testng.SuiteRunner.privateRun(SuiteRunner.java:312)
	at org.testng.SuiteRunner.run(SuiteRunner.java:261)
	at org.testng.SuiteRunnerWorker.runSuite(SuiteRunnerWorker.java:52)
	at org.testng.SuiteRunnerWorker.run(SuiteRunnerWorker.java:86)
	at org.testng.TestNG.runSuitesSequentially(TestNG.java:1215)
	at org.testng.TestNG.runSuitesLocally(TestNG.java:1140)
	at org.testng.TestNG.run(TestNG.java:1048)
	at org.testng.remote.AbstractRemoteTestNG.run(AbstractRemoteTestNG.java:132)
	at org.testng.remote.RemoteTestNG.initAndRun(RemoteTestNG.java:236)
	at org.testng.remote.RemoteTestNG.main(RemoteTestNG.java:81)
]]>
            </full-stacktrace>
          </exception> <!-- java.lang.AssertionError -->
          <reporter-output>
          </reporter-output>
        </test-method> <!-- testPostAccountSettings -->
        <test-method status="PASS" signature="testPayloadAccountSettings()[pri:0, instance:com.wbl.JanAutomationFramework.APITest.TwitterRestAssuredTest@6ba0ac]" name="testPayloadAccountSettings" duration-ms="24" started-at="2017-04-03T17:28:48Z" depends-on-methods="com.wbl.JanAutomationFramework.APITest.TwitterRestAssuredTest.testGetBasicAccountSettings" finished-at="2017-04-03T17:28:48Z">
          <reporter-output>
          </reporter-output>
        </test-method> <!-- testPayloadAccountSettings -->
      </class> <!-- com.wbl.JanAutomationFramework.APITest.TwitterRestAssuredTest -->
    </test> <!-- Default test -->
  </suite> <!-- Default suite -->
</testng-results>
